# JRE version: OpenJDK Runtime Environment Temurin-21.0.9+10 (21.0.9+10) (build 21.0.9+10-LTS)
# Java VM: OpenJDK 64-Bit Server VM Temurin-21.0.9+10 (21.0.9+10-LTS, mixed mode, sharing, tiered, compressed oops, compressed class ptrs, parallel gc, windows-amd64)
GC Precious Log:
 CardTable entry size: 512
 CPUs: 12 total, 12 available
 Memory: 7967M
 Large Page Support: Disabled
 NUMA Support: Disabled
 Compressed Oops: Enabled (32-bit)
 Alignments: Space 512K, Generation 512K, Heap 2M
 Heap Min Capacity: 100M
 Heap Initial Capacity: 100M
 Heap Max Capacity: 2G
 Pre-touch: Disabled
 Parallel Workers: 10
Heap:
 PSYoungGen      total 7168K, used 3337K [0x00000000d5580000, 0x00000000d5d80000, 0x0000000100000000)
  eden space 5632K, 53% used [0x00000000d5580000,0x00000000d5872780,0x00000000d5b00000)
  from space 1536K, 20% used [0x00000000d5b00000,0x00000000d5b50020,0x00000000d5c80000)
  to   space 1024K, 0% used [0x00000000d5c80000,0x00000000d5c80000,0x00000000d5d80000)
 ParOldGen       total 1197568K, used 1197525K [0x0000000080000000, 0x00000000c9180000, 0x00000000d5580000)
  object space 1197568K, 99% used [0x0000000080000000,0x00000000c9175670,0x00000000c9180000)
 Metaspace       used 88612K, committed 90368K, reserved 1179648K
  class space    used 9391K, committed 10176K, reserved 1048576K
GC Heap History (20 events):
Event: 429.187 GC heap before
{Heap before GC invocations=1358 (full 5):
 PSYoungGen      total 6144K, used 6054K [0x00000000d5580000, 0x00000000d5f00000, 0x0000000100000000)
  eden space 4608K, 100% used [0x00000000d5580000,0x00000000d5a00000,0x00000000d5a00000)
  from space 1536K, 94% used [0x00000000d5a00000,0x00000000d5b699a0,0x00000000d5b80000)
  to   space 2560K, 0% used [0x00000000d5c80000,0x00000000d5c80000,0x00000000d5f00000)
 ParOldGen       total 1188864K, used 1188791K [0x0000000080000000, 0x00000000c8900000, 0x00000000d5580000)
  object space 1188864K, 99% used [0x0000000080000000,0x00000000c88eddd0,0x00000000c8900000)
 Metaspace       used 88550K, committed 90304K, reserved 1179648K
  class space    used 9388K, committed 10176K, reserved 1048576K
}
Event: 429.190 GC heap after
{Heap after GC invocations=1358 (full 5):
 PSYoungGen      total 7168K, used 908K [0x00000000d5580000, 0x00000000d5e00000, 0x0000000100000000)
  eden space 5632K, 0% used [0x00000000d5580000,0x00000000d5580000,0x00000000d5b00000)
  from space 1536K, 59% used [0x00000000d5c80000,0x00000000d5d630a0,0x00000000d5e00000)
  to   space 1536K, 0% used [0x00000000d5b00000,0x00000000d5b00000,0x00000000d5c80000)
 ParOldGen       total 1189888K, used 1189395K [0x0000000080000000, 0x00000000c8a00000, 0x00000000d5580000)
  object space 1189888K, 99% used [0x0000000080000000,0x00000000c8984fd0,0x00000000c8a00000)
 Metaspace       used 88550K, committed 90304K, reserved 1179648K
  class space    used 9388K, committed 10176K, reserved 1048576K
}
Event: 429.196 GC heap before
{Heap before GC invocations=1359 (full 5):
 PSYoungGen      total 7168K, used 6540K [0x00000000d5580000, 0x00000000d5e00000, 0x0000000100000000)
  eden space 5632K, 100% used [0x00000000d5580000,0x00000000d5b00000,0x00000000d5b00000)
  from space 1536K, 59% used [0x00000000d5c80000,0x00000000d5d630a0,0x00000000d5e00000)
  to   space 1536K, 0% used [0x00000000d5b00000,0x00000000d5b00000,0x00000000d5c80000)
 ParOldGen       total 1189888K, used 1189395K [0x0000000080000000, 0x00000000c8a00000, 0x00000000d5580000)
  object space 1189888K, 99% used [0x0000000080000000,0x00000000c8984fd0,0x00000000c8a00000)
 Metaspace       used 88550K, committed 90304K, reserved 1179648K
  class space    used 9388K, committed 10176K, reserved 1048576K
}
Event: 429.200 GC heap after
{Heap after GC invocations=1359 (full 5):
 PSYoungGen      total 7168K, used 1536K [0x00000000d5580000, 0x00000000d6380000, 0x0000000100000000)
  eden space 5632K, 0% used [0x00000000d5580000,0x00000000d5580000,0x00000000d5b00000)
  from space 1536K, 100% used [0x00000000d5b00000,0x00000000d5c80000,0x00000000d5c80000)
  to   space 3584K, 0% used [0x00000000d6000000,0x00000000d6000000,0x00000000d6380000)
 ParOldGen       total 1191424K, used 1191008K [0x0000000080000000, 0x00000000c8b80000, 0x00000000d5580000)
  object space 1191424K, 99% used [0x0000000080000000,0x00000000c8b18070,0x00000000c8b80000)
 Metaspace       used 88550K, committed 90304K, reserved 1179648K
  class space    used 9388K, committed 10176K, reserved 1048576K
}
Event: 459.835 GC heap before
{Heap before GC invocations=1360 (full 5):
 PSYoungGen      total 7168K, used 7167K [0x00000000d5580000, 0x00000000d6380000, 0x0000000100000000)
  eden space 5632K, 99% used [0x00000000d5580000,0x00000000d5affff8,0x00000000d5b00000)
  from space 1536K, 100% used [0x00000000d5b00000,0x00000000d5c80000,0x00000000d5c80000)
  to   space 3584K, 0% used [0x00000000d6000000,0x00000000d6000000,0x00000000d6380000)
 ParOldGen       total 1191424K, used 1191008K [0x0000000080000000, 0x00000000c8b80000, 0x00000000d5580000)
  object space 1191424K, 99% used [0x0000000080000000,0x00000000c8b18070,0x00000000c8b80000)
 Metaspace       used 88552K, committed 90304K, reserved 1179648K
  class space    used 9388K, committed 10176K, reserved 1048576K
}
Event: 459.840 GC heap after
{Heap after GC invocations=1360 (full 5):
 PSYoungGen      total 7680K, used 1894K [0x00000000d5580000, 0x00000000d6200000, 0x0000000100000000)
  eden space 5632K, 0% used [0x00000000d5580000,0x00000000d5580000,0x00000000d5b00000)
  from space 2048K, 92% used [0x00000000d6000000,0x00000000d61d99a0,0x00000000d6200000)
  to   space 2560K, 0% used [0x00000000d5d00000,0x00000000d5d00000,0x00000000d5f80000)
 ParOldGen       total 1192960K, used 1192544K [0x0000000080000000, 0x00000000c8d00000, 0x00000000d5580000)
  object space 1192960K, 99% used [0x0000000080000000,0x00000000c8c98070,0x00000000c8d00000)
 Metaspace       used 88552K, committed 90304K, reserved 1179648K
  class space    used 9388K, committed 10176K, reserved 1048576K
}
Event: 459.852 GC heap before
{Heap before GC invocations=1361 (full 5):
 PSYoungGen      total 7680K, used 7526K [0x00000000d5580000, 0x00000000d6200000, 0x0000000100000000)
  eden space 5632K, 100% used [0x00000000d5580000,0x00000000d5b00000,0x00000000d5b00000)
  from space 2048K, 92% used [0x00000000d6000000,0x00000000d61d99a0,0x00000000d6200000)
  to   space 2560K, 0% used [0x00000000d5d00000,0x00000000d5d00000,0x00000000d5f80000)
 ParOldGen       total 1192960K, used 1192544K [0x0000000080000000, 0x00000000c8d00000, 0x00000000d5580000)
  object space 1192960K, 99% used [0x0000000080000000,0x00000000c8c98070,0x00000000c8d00000)
 Metaspace       used 88552K, committed 90304K, reserved 1179648K
  class space    used 9388K, committed 10176K, reserved 1048576K
}
Event: 459.855 GC heap after
{Heap after GC invocations=1361 (full 5):
 PSYoungGen      total 9728K, used 192K [0x00000000d5580000, 0x00000000d6080000, 0x0000000100000000)
  eden space 7168K, 0% used [0x00000000d5580000,0x00000000d5580000,0x00000000d5c80000)
  from space 2560K, 7% used [0x00000000d5d00000,0x00000000d5d30000,0x00000000d5f80000)
  to   space 1024K, 0% used [0x00000000d5f80000,0x00000000d5f80000,0x00000000d6080000)
 ParOldGen       total 1193984K, used 1193528K [0x0000000080000000, 0x00000000c8e00000, 0x00000000d5580000)
  object space 1193984K, 99% used [0x0000000080000000,0x00000000c8d8e070,0x00000000c8e00000)
 Metaspace       used 88552K, committed 90304K, reserved 1179648K
  class space    used 9388K, committed 10176K, reserved 1048576K
}
Event: 459.865 GC heap before
{Heap before GC invocations=1362 (full 5):
 PSYoungGen      total 9728K, used 7360K [0x00000000d5580000, 0x00000000d6080000, 0x0000000100000000)
  eden space 7168K, 100% used [0x00000000d5580000,0x00000000d5c80000,0x00000000d5c80000)
  from space 2560K, 7% used [0x00000000d5d00000,0x00000000d5d30000,0x00000000d5f80000)
  to   space 1024K, 0% used [0x00000000d5f80000,0x00000000d5f80000,0x00000000d6080000)
 ParOldGen       total 1193984K, used 1193528K [0x0000000080000000, 0x00000000c8e00000, 0x00000000d5580000)
  object space 1193984K, 99% used [0x0000000080000000,0x00000000c8d8e070,0x00000000c8e00000)
 Metaspace       used 88552K, committed 90304K, reserved 1179648K
  class space    used 9388K, committed 10176K, reserved 1048576K
}
Event: 459.869 GC heap after
{Heap after GC invocations=1362 (full 5):
 PSYoungGen      total 6656K, used 1004K [0x00000000d5580000, 0x00000000d6700000, 0x0000000100000000)
  eden space 5632K, 0% used [0x00000000d5580000,0x00000000d5580000,0x00000000d5b00000)
  from space 1024K, 98% used [0x00000000d5f80000,0x00000000d607b0a0,0x00000000d6080000)
  to   space 4608K, 0% used [0x00000000d5b00000,0x00000000d5b00000,0x00000000d5f80000)
 ParOldGen       total 1196544K, used 1196468K [0x0000000080000000, 0x00000000c9080000, 0x00000000d5580000)
  object space 1196544K, 99% used [0x0000000080000000,0x00000000c906d270,0x00000000c9080000)
 Metaspace       used 88552K, committed 90304K, reserved 1179648K
  class space    used 9388K, committed 10176K, reserved 1048576K
}
Event: 460.578 GC heap before
{Heap before GC invocations=1363 (full 5):
 PSYoungGen      total 6656K, used 6636K [0x00000000d5580000, 0x00000000d6700000, 0x0000000100000000)
  eden space 5632K, 100% used [0x00000000d5580000,0x00000000d5b00000,0x00000000d5b00000)
  from space 1024K, 98% used [0x00000000d5f80000,0x00000000d607b0a0,0x00000000d6080000)
  to   space 4608K, 0% used [0x00000000d5b00000,0x00000000d5b00000,0x00000000d5f80000)
 ParOldGen       total 1196544K, used 1196468K [0x0000000080000000, 0x00000000c9080000, 0x00000000d5580000)
  object space 1196544K, 99% used [0x0000000080000000,0x00000000c906d270,0x00000000c9080000)
 Metaspace       used 88552K, committed 90304K, reserved 1179648K
  class space    used 9388K, committed 10176K, reserved 1048576K
}
Event: 460.581 GC heap after
{Heap after GC invocations=1363 (full 5):
 PSYoungGen      total 8192K, used 2118K [0x00000000d5580000, 0x00000000d6100000, 0x0000000100000000)
  eden space 5632K, 0% used [0x00000000d5580000,0x00000000d5580000,0x00000000d5b00000)
  from space 2560K, 82% used [0x00000000d5b00000,0x00000000d5d119a0,0x00000000d5d80000)
  to   space 3072K, 0% used [0x00000000d5e00000,0x00000000d5e00000,0x00000000d6100000)
 ParOldGen       total 1196544K, used 1196532K [0x0000000080000000, 0x00000000c9080000, 0x00000000d5580000)
  object space 1196544K, 99% used [0x0000000080000000,0x00000000c907d270,0x00000000c9080000)
 Metaspace       used 88552K, committed 90304K, reserved 1179648K
  class space    used 9388K, committed 10176K, reserved 1048576K
}
Event: 460.617 GC heap before
{Heap before GC invocations=1364 (full 5):
 PSYoungGen      total 8192K, used 7750K [0x00000000d5580000, 0x00000000d6100000, 0x0000000100000000)
  eden space 5632K, 100% used [0x00000000d5580000,0x00000000d5b00000,0x00000000d5b00000)
  from space 2560K, 82% used [0x00000000d5b00000,0x00000000d5d119a0,0x00000000d5d80000)
  to   space 3072K, 0% used [0x00000000d5e00000,0x00000000d5e00000,0x00000000d6100000)
 ParOldGen       total 1196544K, used 1196532K [0x0000000080000000, 0x00000000c9080000, 0x00000000d5580000)
  object space 1196544K, 99% used [0x0000000080000000,0x00000000c907d270,0x00000000c9080000)
 Metaspace       used 88572K, committed 90304K, reserved 1179648K
  class space    used 9391K, committed 10176K, reserved 1048576K
}
Event: 460.621 GC heap after
{Heap after GC invocations=1364 (full 5):
 PSYoungGen      total 7680K, used 2028K [0x00000000d5580000, 0x00000000d6000000, 0x0000000100000000)
  eden space 5632K, 0% used [0x00000000d5580000,0x00000000d5580000,0x00000000d5b00000)
  from space 2048K, 99% used [0x00000000d5e00000,0x00000000d5ffb0a0,0x00000000d6000000)
  to   space 2560K, 0% used [0x00000000d5b00000,0x00000000d5b00000,0x00000000d5d80000)
 ParOldGen       total 1197056K, used 1196977K [0x0000000080000000, 0x00000000c9100000, 0x00000000d5580000)
  object space 1197056K, 99% used [0x0000000080000000,0x00000000c90ec470,0x00000000c9100000)
 Metaspace       used 88572K, committed 90304K, reserved 1179648K
  class space    used 9391K, committed 10176K, reserved 1048576K
}
Event: 460.634 GC heap before
{Heap before GC invocations=1365 (full 5):
 PSYoungGen      total 7680K, used 7660K [0x00000000d5580000, 0x00000000d6000000, 0x0000000100000000)
  eden space 5632K, 100% used [0x00000000d5580000,0x00000000d5b00000,0x00000000d5b00000)
  from space 2048K, 99% used [0x00000000d5e00000,0x00000000d5ffb0a0,0x00000000d6000000)
  to   space 2560K, 0% used [0x00000000d5b00000,0x00000000d5b00000,0x00000000d5d80000)
 ParOldGen       total 1197056K, used 1196977K [0x0000000080000000, 0x00000000c9100000, 0x00000000d5580000)
  object space 1197056K, 99% used [0x0000000080000000,0x00000000c90ec470,0x00000000c9100000)
 Metaspace       used 88572K, committed 90304K, reserved 1179648K
  class space    used 9391K, committed 10176K, reserved 1048576K
}
Event: 460.637 GC heap after
{Heap after GC invocations=1365 (full 5):
 PSYoungGen      total 7168K, used 1152K [0x00000000d5580000, 0x00000000d5e80000, 0x0000000100000000)
  eden space 5632K, 0% used [0x00000000d5580000,0x00000000d5580000,0x00000000d5b00000)
  from space 1536K, 75% used [0x00000000d5b00000,0x00000000d5c202a0,0x00000000d5c80000)
  to   space 1536K, 0% used [0x00000000d5d00000,0x00000000d5d00000,0x00000000d5e80000)
 ParOldGen       total 1197056K, used 1197017K [0x0000000080000000, 0x00000000c9100000, 0x00000000d5580000)
  object space 1197056K, 99% used [0x0000000080000000,0x00000000c90f6470,0x00000000c9100000)
 Metaspace       used 88572K, committed 90304K, reserved 1179648K
  class space    used 9391K, committed 10176K, reserved 1048576K
}
Event: 460.651 GC heap before
{Heap before GC invocations=1366 (full 5):
 PSYoungGen      total 7168K, used 6784K [0x00000000d5580000, 0x00000000d5e80000, 0x0000000100000000)
  eden space 5632K, 100% used [0x00000000d5580000,0x00000000d5b00000,0x00000000d5b00000)
  from space 1536K, 75% used [0x00000000d5b00000,0x00000000d5c202a0,0x00000000d5c80000)
  to   space 1536K, 0% used [0x00000000d5d00000,0x00000000d5d00000,0x00000000d5e80000)
 ParOldGen       total 1197056K, used 1197017K [0x0000000080000000, 0x00000000c9100000, 0x00000000d5580000)
  object space 1197056K, 99% used [0x0000000080000000,0x00000000c90f6470,0x00000000c9100000)
 Metaspace       used 88572K, committed 90304K, reserved 1179648K
  class space    used 9391K, committed 10176K, reserved 1048576K
}
Event: 460.656 GC heap after
{Heap after GC invocations=1366 (full 5):
 PSYoungGen      total 7168K, used 1196K [0x00000000d5580000, 0x00000000d5e80000, 0x0000000100000000)
  eden space 5632K, 0% used [0x00000000d5580000,0x00000000d5580000,0x00000000d5b00000)
  from space 1536K, 77% used [0x00000000d5d00000,0x00000000d5e2b0a0,0x00000000d5e80000)
  to   space 1536K, 0% used [0x00000000d5b00000,0x00000000d5b00000,0x00000000d5c80000)
 ParOldGen       total 1197568K, used 1197501K [0x0000000080000000, 0x00000000c9180000, 0x00000000d5580000)
  object space 1197568K, 99% used [0x0000000080000000,0x00000000c916f670,0x00000000c9180000)
 Metaspace       used 88572K, committed 90304K, reserved 1179648K
  class space    used 9391K, committed 10176K, reserved 1048576K
}
Event: 1395.824 GC heap before
{Heap before GC invocations=1367 (full 5):
 PSYoungGen      total 7168K, used 6828K [0x00000000d5580000, 0x00000000d5e80000, 0x0000000100000000)
  eden space 5632K, 100% used [0x00000000d5580000,0x00000000d5b00000,0x00000000d5b00000)
  from space 1536K, 77% used [0x00000000d5d00000,0x00000000d5e2b0a0,0x00000000d5e80000)
  to   space 1536K, 0% used [0x00000000d5b00000,0x00000000d5b00000,0x00000000d5c80000)
 ParOldGen       total 1197568K, used 1197501K [0x0000000080000000, 0x00000000c9180000, 0x00000000d5580000)
  object space 1197568K, 99% used [0x0000000080000000,0x00000000c916f670,0x00000000c9180000)
 Metaspace       used 88592K, committed 90304K, reserved 1179648K
  class space    used 9391K, committed 10176K, reserved 1048576K
}
Event: 1395.854 GC heap after
{Heap after GC invocations=1367 (full 5):
 PSYoungGen      total 7168K, used 320K [0x00000000d5580000, 0x00000000d5d80000, 0x0000000100000000)
  eden space 5632K, 0% used [0x00000000d5580000,0x00000000d5580000,0x00000000d5b00000)
  from space 1536K, 20% used [0x00000000d5b00000,0x00000000d5b50020,0x00000000d5c80000)
  to   space 1024K, 0% used [0x00000000d5c80000,0x00000000d5c80000,0x00000000d5d80000)
 ParOldGen       total 1197568K, used 1197525K [0x0000000080000000, 0x00000000c9180000, 0x00000000d5580000)
  object space 1197568K, 99% used [0x0000000080000000,0x00000000c9175670,0x00000000c9180000)
 Metaspace       used 88592K, committed 90304K, reserved 1179648K
  class space    used 9391K, committed 10176K, reserved 1048576K
}

